{"/Users/zhuziyan/test/GildedRose-Refactoring-Kata/js-jest/src/gilded_rose.js": {"path":"/Users/zhuziyan/test/GildedRose-Refactoring-Kata/js-jest/src/gilded_rose.js","statementMap":{"0":{"start":{"line":3,"column":4},"end":{"line":3,"column":21}},"1":{"start":{"line":4,"column":4},"end":{"line":4,"column":25}},"2":{"start":{"line":5,"column":4},"end":{"line":5,"column":27}},"3":{"start":{"line":10,"column":4},"end":{"line":10,"column":23}},"4":{"start":{"line":14,"column":4},"end":{"line":14,"column":34}},"5":{"start":{"line":15,"column":4},"end":{"line":15,"column":73}},"6":{"start":{"line":16,"column":4},"end":{"line":16,"column":55}},"7":{"start":{"line":19,"column":4},"end":{"line":19,"column":34}},"8":{"start":{"line":20,"column":4},"end":{"line":20,"column":73}},"9":{"start":{"line":21,"column":4},"end":{"line":21,"column":57}},"10":{"start":{"line":25,"column":4},"end":{"line":25,"column":34}},"11":{"start":{"line":26,"column":4},"end":{"line":29,"column":5}},"12":{"start":{"line":27,"column":6},"end":{"line":27,"column":23}},"13":{"start":{"line":28,"column":6},"end":{"line":28,"column":13}},"14":{"start":{"line":30,"column":4},"end":{"line":35,"column":27}},"15":{"start":{"line":36,"column":4},"end":{"line":36,"column":57}},"16":{"start":{"line":42,"column":4},"end":{"line":42,"column":34}},"17":{"start":{"line":43,"column":4},"end":{"line":43,"column":36}},"18":{"start":{"line":44,"column":4},"end":{"line":44,"column":55}},"19":{"start":{"line":49,"column":4},"end":{"line":65,"column":5}},"20":{"start":{"line":51,"column":8},"end":{"line":51,"column":30}},"21":{"start":{"line":52,"column":8},"end":{"line":52,"column":14}},"22":{"start":{"line":54,"column":8},"end":{"line":54,"column":35}},"23":{"start":{"line":55,"column":8},"end":{"line":55,"column":14}},"24":{"start":{"line":58,"column":8},"end":{"line":58,"column":14}},"25":{"start":{"line":60,"column":8},"end":{"line":60,"column":34}},"26":{"start":{"line":61,"column":8},"end":{"line":61,"column":14}},"27":{"start":{"line":63,"column":8},"end":{"line":63,"column":33}},"28":{"start":{"line":64,"column":8},"end":{"line":64,"column":14}},"29":{"start":{"line":69,"column":4},"end":{"line":71,"column":5}},"30":{"start":{"line":70,"column":6},"end":{"line":70,"column":34}},"31":{"start":{"line":72,"column":4},"end":{"line":72,"column":22}},"32":{"start":{"line":76,"column":0},"end":{"line":79,"column":2}}},"fnMap":{"0":{"name":"(anonymous_0)","decl":{"start":{"line":2,"column":2},"end":{"line":2,"column":3}},"loc":{"start":{"line":2,"column":37},"end":{"line":6,"column":3}},"line":2},"1":{"name":"(anonymous_1)","decl":{"start":{"line":9,"column":2},"end":{"line":9,"column":3}},"loc":{"start":{"line":9,"column":26},"end":{"line":11,"column":3}},"line":9},"2":{"name":"(anonymous_2)","decl":{"start":{"line":13,"column":2},"end":{"line":13,"column":3}},"loc":{"start":{"line":13,"column":22},"end":{"line":17,"column":3}},"line":13},"3":{"name":"(anonymous_3)","decl":{"start":{"line":18,"column":2},"end":{"line":18,"column":3}},"loc":{"start":{"line":18,"column":19},"end":{"line":22,"column":3}},"line":18},"4":{"name":"(anonymous_4)","decl":{"start":{"line":24,"column":2},"end":{"line":24,"column":3}},"loc":{"start":{"line":24,"column":24},"end":{"line":37,"column":3}},"line":24},"5":{"name":"(anonymous_5)","decl":{"start":{"line":41,"column":2},"end":{"line":41,"column":3}},"loc":{"start":{"line":41,"column":23},"end":{"line":45,"column":3}},"line":41},"6":{"name":"(anonymous_6)","decl":{"start":{"line":48,"column":2},"end":{"line":48,"column":3}},"loc":{"start":{"line":48,"column":25},"end":{"line":66,"column":3}},"line":48},"7":{"name":"(anonymous_7)","decl":{"start":{"line":68,"column":2},"end":{"line":68,"column":3}},"loc":{"start":{"line":68,"column":18},"end":{"line":73,"column":3}},"line":68}},"branchMap":{"0":{"loc":{"start":{"line":9,"column":14},"end":{"line":9,"column":24}},"type":"default-arg","locations":[{"start":{"line":9,"column":22},"end":{"line":9,"column":24}}],"line":9},"1":{"loc":{"start":{"line":15,"column":19},"end":{"line":15,"column":72}},"type":"cond-expr","locations":[{"start":{"line":15,"column":37},"end":{"line":15,"column":53}},{"start":{"line":15,"column":56},"end":{"line":15,"column":72}}],"line":15},"2":{"loc":{"start":{"line":16,"column":19},"end":{"line":16,"column":54}},"type":"cond-expr","locations":[{"start":{"line":16,"column":38},"end":{"line":16,"column":39}},{"start":{"line":16,"column":42},"end":{"line":16,"column":54}}],"line":16},"3":{"loc":{"start":{"line":20,"column":19},"end":{"line":20,"column":72}},"type":"cond-expr","locations":[{"start":{"line":20,"column":37},"end":{"line":20,"column":53}},{"start":{"line":20,"column":56},"end":{"line":20,"column":72}}],"line":20},"4":{"loc":{"start":{"line":21,"column":19},"end":{"line":21,"column":56}},"type":"cond-expr","locations":[{"start":{"line":21,"column":39},"end":{"line":21,"column":41}},{"start":{"line":21,"column":44},"end":{"line":21,"column":56}}],"line":21},"5":{"loc":{"start":{"line":26,"column":4},"end":{"line":29,"column":5}},"type":"if","locations":[{"start":{"line":26,"column":4},"end":{"line":29,"column":5}},{"start":{"line":26,"column":4},"end":{"line":29,"column":5}}],"line":26},"6":{"loc":{"start":{"line":31,"column":6},"end":{"line":35,"column":26}},"type":"cond-expr","locations":[{"start":{"line":32,"column":10},"end":{"line":32,"column":26}},{"start":{"line":33,"column":10},"end":{"line":35,"column":26}}],"line":31},"7":{"loc":{"start":{"line":33,"column":10},"end":{"line":35,"column":26}},"type":"cond-expr","locations":[{"start":{"line":34,"column":10},"end":{"line":34,"column":26}},{"start":{"line":35,"column":10},"end":{"line":35,"column":26}}],"line":33},"8":{"loc":{"start":{"line":36,"column":19},"end":{"line":36,"column":56}},"type":"cond-expr","locations":[{"start":{"line":36,"column":39},"end":{"line":36,"column":41}},{"start":{"line":36,"column":44},"end":{"line":36,"column":56}}],"line":36},"9":{"loc":{"start":{"line":44,"column":19},"end":{"line":44,"column":54}},"type":"cond-expr","locations":[{"start":{"line":44,"column":38},"end":{"line":44,"column":39}},{"start":{"line":44,"column":42},"end":{"line":44,"column":54}}],"line":44},"10":{"loc":{"start":{"line":49,"column":4},"end":{"line":65,"column":5}},"type":"switch","locations":[{"start":{"line":50,"column":6},"end":{"line":52,"column":14}},{"start":{"line":53,"column":6},"end":{"line":55,"column":14}},{"start":{"line":56,"column":6},"end":{"line":58,"column":14}},{"start":{"line":59,"column":6},"end":{"line":61,"column":14}},{"start":{"line":62,"column":6},"end":{"line":64,"column":14}}],"line":49}},"s":{"0":199,"1":199,"2":199,"3":200,"4":49,"5":49,"6":49,"7":49,"8":49,"9":49,"10":49,"11":49,"12":14,"13":14,"14":35,"15":35,"16":49,"17":49,"18":49,"19":199,"20":49,"21":49,"22":49,"23":49,"24":3,"25":49,"26":49,"27":49,"28":49,"29":200,"30":199,"31":200,"32":1},"f":{"0":199,"1":200,"2":49,"3":49,"4":49,"5":49,"6":199,"7":200},"b":{"0":[1],"1":[14,35],"2":[9,40],"3":[14,35],"4":[9,40],"5":[14,35],"6":[21,14],"7":[7,7],"8":[9,26],"9":[14,35],"10":[49,49,3,49,49]},"_coverageSchema":"43e27e138ebf9cfc5966b082cf9a028302ed4184","hash":"f805240b13b0a6221cc2f098e3e8f5d6b8e06ba3"}
}
