TN:
SF:/Users/zhuziyan/test/GildedRose-Refactoring-Kata/js-jest/src/gilded_rose.js
FN:2,(anonymous_0)
FN:9,(anonymous_1)
FN:12,(anonymous_2)
FNF:3
FNH:3
FNDA:192,(anonymous_0)
FNDA:385,(anonymous_1)
FNDA:385,(anonymous_2)
DA:3,192
DA:4,192
DA:5,192
DA:10,385
DA:13,385
DA:14,384
DA:18,192
DA:19,138
DA:20,66
DA:24,192
DA:25,160
DA:26,160
DA:29,82
DA:30,69
DA:31,64
DA:34,82
DA:35,56
DA:36,52
DA:42,384
DA:43,288
DA:45,384
DA:46,136
DA:47,96
DA:50,56
DA:51,37
DA:52,25
DA:56,40
DA:60,40
DA:61,30
DA:67,385
DA:71,1
LF:31
LH:31
BRDA:9,0,0,1
BRDA:14,1,0,192
BRDA:14,1,1,192
BRDA:15,2,0,384
BRDA:15,2,1,288
BRDA:18,3,0,138
BRDA:18,3,1,54
BRDA:19,4,0,66
BRDA:19,4,1,72
BRDA:24,5,0,160
BRDA:24,5,1,32
BRDA:26,6,0,82
BRDA:26,6,1,78
BRDA:29,7,0,69
BRDA:29,7,1,13
BRDA:30,8,0,64
BRDA:30,8,1,5
BRDA:34,9,0,56
BRDA:34,9,1,26
BRDA:35,10,0,52
BRDA:35,10,1,4
BRDA:42,11,0,288
BRDA:42,11,1,96
BRDA:45,12,0,136
BRDA:45,12,1,248
BRDA:46,13,0,96
BRDA:46,13,1,40
BRDA:47,14,0,56
BRDA:47,14,1,40
BRDA:50,15,0,37
BRDA:50,15,1,19
BRDA:51,16,0,25
BRDA:51,16,1,12
BRDA:60,17,0,30
BRDA:60,17,1,10
BRF:35
BRH:35
end_of_record
