TN:
SF:/Users/zhuziyan/test/GildedRose-Refactoring-Kata/js-jest/src/gilded_rose.js
FN:2,(anonymous_0)
FN:9,(anonymous_1)
FN:13,(anonymous_2)
FN:18,(anonymous_3)
FN:24,(anonymous_4)
FN:41,(anonymous_5)
FN:48,(anonymous_6)
FN:68,(anonymous_7)
FNF:8
FNH:8
FNDA:199,(anonymous_0)
FNDA:200,(anonymous_1)
FNDA:49,(anonymous_2)
FNDA:49,(anonymous_3)
FNDA:49,(anonymous_4)
FNDA:49,(anonymous_5)
FNDA:199,(anonymous_6)
FNDA:200,(anonymous_7)
DA:3,199
DA:4,199
DA:5,199
DA:10,200
DA:14,49
DA:15,49
DA:16,49
DA:19,49
DA:20,49
DA:21,49
DA:25,49
DA:26,49
DA:27,14
DA:28,14
DA:30,35
DA:36,35
DA:42,49
DA:43,49
DA:44,49
DA:49,199
DA:51,49
DA:52,49
DA:54,49
DA:55,49
DA:58,3
DA:60,49
DA:61,49
DA:63,49
DA:64,49
DA:69,200
DA:70,199
DA:72,200
DA:76,1
LF:33
LH:33
BRDA:9,0,0,1
BRDA:15,1,0,14
BRDA:15,1,1,35
BRDA:16,2,0,9
BRDA:16,2,1,40
BRDA:20,3,0,14
BRDA:20,3,1,35
BRDA:21,4,0,9
BRDA:21,4,1,40
BRDA:26,5,0,14
BRDA:26,5,1,35
BRDA:31,6,0,21
BRDA:31,6,1,14
BRDA:33,7,0,7
BRDA:33,7,1,7
BRDA:36,8,0,9
BRDA:36,8,1,26
BRDA:44,9,0,14
BRDA:44,9,1,35
BRDA:49,10,0,49
BRDA:49,10,1,49
BRDA:49,10,2,3
BRDA:49,10,3,49
BRDA:49,10,4,49
BRF:24
BRH:24
end_of_record
